0 verbose cli /usr/local/bin/node /usr/local/bin/npm
0 verbose cli /usr/local/bin/node /usr/local/lib/node_modules/npm/bin/npm-cli.js
1 info using npm@10.5.0
1 info using npm@10.5.0
2 info using node@v20.12.2
3 timing npm:load:whichnode Completed in 3ms
2 info using node@v20.12.2
3 timing npm:load:whichnode Completed in 3ms
4 timing config:load:defaults Completed in 3ms
5 timing config:load:file:/usr/local/lib/node_modules/npm/npmrc Completed in 3ms
4 timing config:load:defaults Completed in 3ms
6 timing config:load:builtin Completed in 4ms
5 timing config:load:file:/usr/local/lib/node_modules/npm/npmrc Completed in 4ms
7 timing config:load:cli Completed in 3ms
6 timing config:load:builtin Completed in 5ms
8 timing config:load:env Completed in 1ms
7 timing config:load:cli Completed in 4ms
9 timing config:load:project Completed in 17ms
8 timing config:load:env Completed in 1ms
10 timing config:load:file:/root/.npmrc Completed in 10ms
9 timing config:load:project Completed in 17ms
11 timing config:load:user Completed in 10ms
10 timing config:load:file:/root/.npmrc Completed in 8ms
12 timing config:load:file:/usr/local/etc/npmrc Completed in 0ms
13 timing config:load:global Completed in 1ms
11 timing config:load:user Completed in 8ms
14 timing config:load:setEnvs Completed in 1ms
12 timing config:load:file:/usr/local/etc/npmrc Completed in 0ms
15 timing config:load Completed in 41ms
13 timing config:load:global Completed in 0ms
14 timing config:load:setEnvs Completed in 1ms
16 timing npm:load:configload Completed in 41ms
15 timing config:load Completed in 41ms
17 timing config:load:flatten Completed in 4ms
16 timing npm:load:configload Completed in 41ms
18 timing npm:load:mkdirpcache Completed in 4ms
17 timing config:load:flatten Completed in 4ms
19 timing npm:load:mkdirplogs Completed in 9ms
18 timing npm:load:mkdirpcache Completed in 4ms
20 verbose title npm start --watch --verbose-watch --ignore-watch=node_modules .git .sqlite
19 timing npm:load:mkdirplogs Completed in 9ms
21 verbose argv "start" "--" "--watch" "--verbose-watch" "--ignore-watch=node_modules .git .sqlite"
20 verbose title npm exec webpack --watch --progress
22 timing npm:load:setTitle Completed in 2ms
23 timing npm:load:display Completed in 1ms
21 verbose argv "exec" "--" "webpack" "--watch" "--progress"
24 verbose logfile logs-max:10 dir:/root/.npm/_logs/2025-03-28T16_13_30_636Z-
22 timing npm:load:setTitle Completed in 1ms
23 timing npm:load:display Completed in 2ms
24 verbose logfile logs-max:10 dir:/root/.npm/_logs/2025-03-28T16_13_30_636Z-
25 verbose logfile /root/.npm/_logs/2025-03-28T16_13_30_636Z-debug-0.log
25 verbose logfile /root/.npm/_logs/2025-03-28T16_13_30_636Z-debug-0.log
26 timing npm:load:logFile Completed in 56ms
26 timing npm:load:logFile Completed in 55ms
27 timing npm:load:timers Completed in 0ms
27 timing npm:load:timers Completed in 0ms
28 timing npm:load:configScope Completed in 1ms
28 timing npm:load:configScope Completed in 0ms
29 timing npm:load Completed in 153ms
29 timing npm:load Completed in 153ms
30 silly logfile done cleaning log files
30 silly logfile done cleaning log files
